<?xml version="1.0" encoding="UTF-8"?>
<testsuite xmlns:xsi="http://www.w3.org/2001/XMLSchema-instance" xsi:noNamespaceSchemaLocation="https://maven.apache.org/surefire/maven-surefire-plugin/xsd/surefire-test-report-3.0.xsd" version="3.0" name="com.java5.asm.ApplicationTests" time="1.99" tests="1" errors="0" skipped="0" failures="0">
  <properties>
[...]
</properties>
  <testcase name="contextLoads" classname="com.java5.asm.ApplicationTests" time="0.621">
    <system-out><![CDATA[22:14:17.864 [main] INFO org.springframework.test.context.support.AnnotationConfigContextLoaderUtils -- Could not detect default configuration classes for test class [com.java5.asm.ApplicationTests]: ApplicationTests does not declare any static, non-private, non-final, nested classes annotated with @Configuration.
22:14:17.946 [main] INFO org.springframework.boot.test.context.SpringBootTestContextBootstrapper -- Found @SpringBootConfiguration com.java5.asm.Application for test class com.java5.asm.ApplicationTests
22:14:18.082 [main] INFO org.springframework.boot.devtools.restart.RestartApplicationListener -- Restart disabled due to context in which it is running

  .   ____          _            __ _ _
 /\\ / ___'_ __ _ _(_)_ __  __ _ \ \ \ \
( ( )\___ | '_ | '_| | '_ \/ _` | \ \ \ \
 \\/  ___)| |_)| | | | | || (_| |  ) ) ) )
  '  |____| .__|_| |_|_| |_\__, | / / / /
 =========|_|==============|___/=/_/_/_/
 :: Spring Boot ::                (v3.2.1)

2024-01-19T22:14:18.248+07:00  INFO 8080 --- [           main] com.java5.asm.ApplicationTests           : Starting ApplicationTests using Java 18.0.1.1 with PID 8080 (started by ADMIN in D:\eclipse-workspace\com.java5.asm)
2024-01-19T22:14:18.249+07:00  INFO 8080 --- [           main] com.java5.asm.ApplicationTests           : No active profile set, falling back to 1 default profile: "default"
2024-01-19T22:14:18.907+07:00  INFO 8080 --- [           main] o.s.b.a.w.s.WelcomePageHandlerMapping    : Adding welcome page template: index
2024-01-19T22:14:19.084+07:00  INFO 8080 --- [           main] com.java5.asm.ApplicationTests           : Started ApplicationTests in 1.014 seconds (process running for 1.678)
]]></system-out>
  </testcase>
</testsuite>